<?xml version="1.0" encoding="UTF-8"?>
<!-- Generated by org.testng.reporters.JUnitReportReporter -->
<testsuite skipped="0" hostname="dushant-PC" name="djmvnprojects.Additional" tests="1" failures="0" timestamp="2020-04-27T17:47:52 IST" time="0.015" errors="0">
  <testcase name="Additional1" time="0.015" classname="djmvnprojects.Additional"/>
  <system-out/>
</testsuite> <!-- djmvnprojects.Additional -->
