<?xml version="1.0" encoding="UTF-8"?>
<!-- Generated by org.testng.reporters.JUnitReportReporter -->
<testsuite skipped="0" hostname="dushant-PC" name="djmvnprojects.RestAPITest" tests="3" failures="0" timestamp="2020-04-27T17:47:33 IST" time="0.020" errors="0">
  <testcase name="RestAPI1" time="0.014" classname="djmvnprojects.RestAPITest"/>
  <system-out/>
  <testcase name="RestAPI3" time="0.003" classname="djmvnprojects.RestAPITest"/>
  <system-out/>
  <testcase name="RestAPI2" time="0.003" classname="djmvnprojects.RestAPITest"/>
  <system-out/>
</testsuite> <!-- djmvnprojects.RestAPITest -->
