<?xml version="1.0" encoding="UTF-8"?>
<!-- Generated by org.testng.reporters.JUnitReportReporter -->
<testsuite skipped="0" hostname="dushant-PC" name="djmvnprojects.SeleniumTest" tests="3" failures="0" timestamp="2020-04-27T17:47:44 IST" time="0.020" errors="0">
  <testcase name="Selmethod1" time="0.015" classname="djmvnprojects.SeleniumTest"/>
  <system-out/>
  <testcase name="Selmethod3" time="0.003" classname="djmvnprojects.SeleniumTest"/>
  <system-out/>
  <testcase name="Selmethod2" time="0.002" classname="djmvnprojects.SeleniumTest"/>
  <system-out/>
</testsuite> <!-- djmvnprojects.SeleniumTest -->
