<?xml version="1.0" encoding="UTF-8"?>
<!-- Generated by org.testng.reporters.JUnitReportReporter -->
<testsuite skipped="0" hostname="dushant-PC" name="djmvnprojects.AppiumTest" tests="3" failures="0" timestamp="2020-04-27T17:47:18 IST" time="0.019" errors="0">
  <testcase name="Appium1" time="0.014" classname="djmvnprojects.AppiumTest"/>
  <system-out/>
  <testcase name="Appium3" time="0.002" classname="djmvnprojects.AppiumTest"/>
  <system-out/>
  <testcase name="Appium2" time="0.003" classname="djmvnprojects.AppiumTest"/>
  <system-out/>
</testsuite> <!-- djmvnprojects.AppiumTest -->
