<?xml version="1.0" encoding="UTF-8"?>
<!-- Generated by org.testng.reporters.JUnitReportReporter -->
<testsuite skipped="0" hostname="dushant-PC" name="djmvnprojects.RestAPITest" tests="2" failures="0" timestamp="2020-04-22T17:17:14 IST" time="0.000" errors="0">
  <testcase name="RestAPI1" time="0.000" classname="djmvnprojects.RestAPITest"/>
  <system-out/>
  <testcase name="RestAPI2" time="0.000" classname="djmvnprojects.RestAPITest"/>
  <system-out/>
</testsuite> <!-- djmvnprojects.RestAPITest -->
