<?xml version="1.0" encoding="UTF-8"?>
<!-- Generated by org.testng.reporters.JUnitReportReporter -->
<testsuite skipped="0" hostname="dushant-PC" name="djmvnprojects.AppiumTest" tests="2" failures="0" timestamp="2020-04-22T17:17:14 IST" time="0.009" errors="0">
  <testcase name="Appium2" time="0.000" classname="djmvnprojects.AppiumTest"/>
  <system-out/>
  <testcase name="Appium1" time="0.009" classname="djmvnprojects.AppiumTest"/>
  <system-out/>
</testsuite> <!-- djmvnprojects.AppiumTest -->
