<?xml version="1.0" encoding="UTF-8"?>
<!-- Generated by org.testng.reporters.JUnitReportReporter -->
<testsuite skipped="0" hostname="dushant-PC" name="djmvnprojects.SeleniumTest" tests="2" failures="0" timestamp="2020-04-22T17:17:14 IST" time="0.000" errors="0">
  <testcase name="Selmethod2" time="0.000" classname="djmvnprojects.SeleniumTest"/>
  <system-out/>
  <testcase name="Selmethod1" time="0.000" classname="djmvnprojects.SeleniumTest"/>
  <system-out/>
</testsuite> <!-- djmvnprojects.SeleniumTest -->
